<?xml version="1.0" ?>
<PyBrain>
	<Network class="pybrain.structure.networks.recurrent.RecurrentNetwork" name="RecurrentNetwork-10">
		<name val="'RecurrentNetwork-10'"/>
		<Modules>
			<LinearLayer class="pybrain.structure.modules.linearlayer.LinearLayer" inmodule="True" name="LinearLayer-6">
				<dim val="4"/>
			</LinearLayer>
			<LinearLayer class="pybrain.structure.modules.linearlayer.LinearLayer" name="LinearLayer-11" outmodule="True">
				<dim val="3"/>
			</LinearLayer>
			<BiasUnit class="pybrain.structure.modules.biasunit.BiasUnit" name="BiasUnit-5"/>
			<LSTMLayer class="pybrain.structure.modules.lstm.LSTMLayer" name="LSTMLayer-12">
				<dim val="100"/>
				<peepholes val="False"/>
			</LSTMLayer>
		</Modules>
		<Connections>
			<FullConnection class="pybrain.structure.connections.full.FullConnection" name="FullConnection-9">
				<inmod val="BiasUnit-5"/>
				<outmod val="LSTMLayer-12"/>
				<Parameters>[-0.022857541250330481, -0.060994706406550421, -0.063496107018555015, -0.067057094012331758, 0.66023330875630326, 0.076460008993789061, -0.10359881286186637, 0.12305534296596174, -0.045775204165803614, -0.038624372045163675, 0.056898388716497758, 0.15965046867798574, 0.14476288658984129, -0.23482096733324989, -0.093450029415060476, 0.056255374896317323, 0.028892076882784855, 0.15010303091630439, -0.07947098287442099, -0.47536911669978693, 0.091634133912654223, 0.011467768459194276, -0.086238319177875583, -0.4341825993955527, -0.022173764875625449, 0.086454372070352684, 0.10652792137886405, 0.083564746390158151, 0.0073143595504837986, -0.12375850827998047, 0.002608399686984903, -0.10432697155622035, 0.085059736439878131, 0.12550544664507368, -0.032915508620975358, -0.043184019916184944, -0.0081838716723047697, -0.13486080518510046, 0.063671383377568516, 0.44554618881363495, 0.12594979369550491, -0.0011687000815153031, 0.072501584182954729, -0.031515556013257007, -0.0075219144235748291, 0.11612137942848463, -0.0012288725550735485, 0.15241070365388332, 0.0704991290883447, 0.11203869972077202, -0.050100295336956882, -0.053802260227218096, 0.11945320497487254, -0.29667792135788829, 0.039695347178951457, -0.031940330480495251, 0.012218171372220251, -0.10894903545959095, 0.12527001531162602, -0.094065063929575699, -0.064058616087283193, 2.0125637591180374, 0.028053836657741547, -0.23525154941494925, 0.024880069724081036, -0.17246017989134005, 0.011339495372908542, -0.030695763781955272, -0.04923532663283435, 0.021500617910009446, -0.06235451963285199, -0.12458707161660434, -0.0084998851044297379, 0.0046635975044282216, -0.058338445851034683, 0.061786619523196383, 0.0013470808364158711, -0.080974424002240655, 0.23213129186424414, 0.0072335256488144529, -0.018154855522144527, -0.076490475070612934, -0.018111925369022189, 0.037895001327373043, 0.13874571250548706, 0.012956260929105011, -0.15183136808027053, 0.067600856399700093, -0.15115726086589962, -0.074859872946343928, 0.033455618896349459, 0.025949382972470195, 0.19262716414226896, 0.056775009726238966, -0.096162650647010989, 0.10801646840490378, -0.02061985587130186, -0.088189723331620617, 0.55843149020037275, 0.10426457620523648, -0.0093579945139396631, -0.065138068034701527, -0.11182526541696565, 0.099961637459801023, 0.010568013918193331, 0.12921846412184454, 0.049690294286223638, 0.08171609020536881, 0.038560533015242912, -0.018474371283688742, 0.040855987333949087, 0.009634680337152042, -0.06018519437286951, -0.041218738169596626, 0.037295136334508205, -0.013879615902111481, 0.13731000945871938, 0.10338774277662897, 0.29311283886325018, -0.10311345459520693, 0.053532717370387888, -0.081524319016024888, 0.00302113916643185, -0.24283460432358167, -0.24362847577256577, -0.10774932222622584, 0.19037766629991715, 0.07921208764274601, 0.025059563233358794, 0.81899039750520031, -0.059260522199192714, -3.3036217761981885, -0.10227944603260457, -0.090154468883397967, 0.039640077331165625, 0.033135133427075886, 0.076164505335830662, -0.0078938847720556662, -0.0098278032674111865, -0.049744602930844387, -0.18554509772660627, -0.34034935223346779, 0.042497017288992758, 0.10372468162520807, -0.014128399904759795, 0.093965260419425822, 0.076127155592525558, 0.042820110563909733, 0.0082107594386263139, -0.091975532122942794, 0.052069229521299304, 0.111519173161269, -0.049526261204867153, -0.10422586259539575, 0.11308940569875291, -0.07069628826048055, -0.10713407766479169, -0.063360092466643328, -0.14011056372906472, -0.025294285671485131, -0.098715406142115714, -0.16118501259056944, -0.076536459846237803, -0.91125087015407569, 0.079144470131009031, 0.047515429756011744, -0.045406993232053709, -0.071107218036434564, -0.12861839337333145, -0.024808237894142039, 0.10926153461937561, 0.056999874760517114, -0.0057086725564094824, 0.061807486326807291, -0.16270842098471197, -0.06329802523860184, -0.02407488798457795, 0.026331167206370486, 0.1687145702221495, 0.011481137713258722, 0.028374024035712445, 0.10702778565036802, -0.61672687773965051, 0.12048161146114654, 0.074566984463471334, 0.044077997418843877, 0.12585000298074045, -0.45117744546692029, 0.47747318706806091, 0.096461646989998692, 0.035664466576992515, 0.01705568788919961, 0.080849795935892116, -1.1498915288648721, -0.060161092016213474, 0.095604175224192386, 0.065843696124851067, -0.074429567714111647, -0.061426311459689936, -0.10811525226638724, -0.24998489451576228, 0.026816364426207488, -0.25979575256737181, -0.003033207059301643, 0.054146559334562722, 0.07303435110845323, -1.4031186492309617, 0.14657222114748616, 0.043809370893259099, 0.058764204481028093, -0.009881736301226466, 0.049355800962441423, 0.10020821209268531, -0.021790510338466691, 0.010355009254640713, 0.25489213679516387, 0.010881050463285788, 0.07849192129371059, 0.075209571790424937, 0.084846768528447622, -0.051115069804156053, -0.069032089115136933, -0.028425912438343092, 0.16877432163062622, -0.017055728032607621, -0.15295579404736245, -0.0816075451216009, 0.20733201929515574, 0.10598416428738712, 0.21770256948859198, -0.052119644169812906, 0.12837813385999641, -0.072569450154892398, -0.010197672391298949, -0.087234155626139689, 0.19153253744512216, -0.036006944835026491, -0.10028612523734877, -0.024240604939270216, -0.042091727654560603, -0.034402787149346442, 0.043663934998690743, 0.058412279116726543, 0.14389682251094471, -0.064914061186521876, 0.017373210690888739, -0.060257553015292606, -0.026310551160049277, -1.0103482342172789, -0.10883442698539755, -0.0053415723220832725, 0.039658780325677968, 0.031086751532049609, 0.091920042637666871, 0.010747723059150453, 0.013252364376149598, 0.44553539692500466, -0.15682009579179876, -0.047342650538775954, -0.25349457061320452, -0.0056925239685395659, -0.087818054811849386, 0.012071622605394225, 0.48648995487265462, 0.010485737298337201, -1.6057454637615454, -0.10187614273535954, 1.8623846808542119, 0.030702383416726577, 0.079527057252135949, 0.0067443140125354357, 0.10649780208517819, -0.12852786076473754, -0.065106915446898589, -0.093897967294985188, -0.064910478963407153, -0.062718690347631043, 0.050340020939956917, 0.014005929099864093, -0.028111174900278972, -0.0066414327314124055, 0.0083778296444731656, -0.073815440864037615, -0.015334545187620485, 0.028302301164275727, 0.02040281949529579, -0.10126545913309748, -0.058222582527799202, 0.048847797365788648, 0.0474130725112668, -0.023018059478357042, 0.59705911551059088, 0.081305798841483146, 0.049942212879432298, 0.093355490101529381, -0.10421168000114968, 0.031065539961349004, -0.065455130511982568, 0.063484595411170144, 0.05013220955408898, -0.022824734615137954, 0.029595021417536164, -0.035780648252706049, 0.24111060518259697, -0.064632318618187912, -0.045670753624641347, 0.011497172617412767, -0.0071723484990251704, 0.014390580652737774, -0.0037838954060110987, -0.041800950524175019, -2.5995986364698682, 0.1863657279973584, -0.087001838878904669, -0.040695875315508306, 0.033556622075546744, -0.018940789739834672, 0.049541527261970968, 0.16187922713333902, 0.010245123884264235, -0.0047438462301009621, -0.077955835269043705, 0.014253319107360321, -0.055657111920924152, 0.029313435288565278, -0.021726866213892575, -1.1356517820140679, -0.019748785448318915, 0.095218347060510716, 0.015773133854221851, 0.006206673952376153, -0.16917073275131236, 0.055846631829380641, 0.029899995053027029, -0.025717462099859492, -0.037969713717951672, -0.061781253141290828, 0.3573465620036419, 0.042460073971788123, -0.12830519040174912, 0.024316149972211421, 0.0077527309042763649, 0.16470846706108297, -0.25896090120247728, 0.018459549303430606, 0.26288550923993703, 0.045990560067024469, -0.012891000315485374, 6.3309632442177577, -0.082963026012431759, -0.47545586505111476, -0.14124634144794193, 0.076220530973694231, -0.028900278611474949, 0.17251870967560512, 0.060196205296295123, -0.12567929438218814, -0.09882480949031211, -0.033404182116353785, 0.1824954891138586, -0.24894514266605158, -0.091832408480840177, -0.099562373564714146, -0.038717074470695986, -0.035755575038979484, 0.042623280356792664, -0.54180181904212121, -0.034281357324189757, 0.02401852034562188, -0.11001117452001308, 0.014465797869057901, -0.012965161779062491, -1.3601793681284671, 0.0096190447734206506, -0.96169728099969864, -0.089915952957954431, 0.0043349789695797374, 0.077675812198109317, -0.10047170599289067, -0.046220138192857793, -0.052501098762898712, 0.065062162842165663, 0.076599089340882345, 0.049679796687325056, 0.10231475956975046, 0.12872627199391479, -0.023372965080980516, -0.096769082328154454, -0.060827483105155886, 0.010935711066439091, -0.021551653408327348, -0.017988022210855929, 0.035461039322727164, 0.088351176130886583, -0.03824093055457644, -0.070314254257486886, 0.029769428422393444, -0.049721862460293045, -0.045777483693844288, 0.04902397459984971]</Parameters>
			</FullConnection>
			<FullConnection class="pybrain.structure.connections.full.FullConnection" name="FullConnection-8">
				<inmod val="LinearLayer-6"/>
				<outmod val="LSTMLayer-12"/>
				<Parameters>[-0.058567089768233015, -0.025070656672857256, 0.055031654471934713, 0.047076166947397823, -0.12193260071728214, -0.52489342248329407, -0.042339129547560347, -0.016376563887877449, -0.21999765623273204, 0.088578996008625649, 0.0023851011939422127, 0.0020753740537279757, 0.10978735960899311, -0.097264306959027227, -0.57311480089802125, 0.073019506609823981, 0.0653785214096574, 0.0030672141516464718, 0.089659651717935968, 0.082458995482333694, -0.021248539476052097, 0.07004125362087156, 0.12145116260730177, 0.011723740916832341, 0.027469606697179974, 0.11893458875939583, 0.07196778029986281, -0.059235104400382828, -0.071464207134602331, -0.10715385658204497, 0.36766236573435296, -0.092087519730696801, 0.10123931113743043, -0.072540671587467492, 0.042696535717778955, 0.2132570891288349, -0.045336416009121076, 0.024288408073396894, -0.038502638363104982, -0.16095247895922249, 0.13253086199923872, 0.23166044509637629, -0.022628108187296929, -0.079863150332568633, -0.071651978292160856, 1.3367676012221497, -0.016036246940114414, 0.002242993789758254, -0.23397222955083322, 0.049736430518893003, -0.062838883829576517, 0.079320264672260055, -0.18619071244551419, 0.02599105940533547, 0.03523299481173385, -0.029065078764257186, -0.090172619655363051, 0.033098594937540346, -0.1179636954531411, -0.047830731801977923, -0.099037684920650293, -0.017573232488111212, -0.0019974519601282121, 0.071337032305952675, 0.039532893503272097, -0.08445350123953177, -0.075298224926196131, 1.4574131007163549, 0.11158070787462696, 0.063773731536105063, 0.42253590223655274, -0.063348914440317927, -0.02349588877495546, -0.049091415278158704, 0.052579045659819607, 0.020010218006689121, -0.18789117297261007, 0.043390609491769101, 0.094260639921212003, -0.067001223523866255, 0.064726731536510734, 0.0021328067619833281, -0.18388676903532869, 0.047158201699363932, 0.11474750942369809, -0.15469552068940523, 0.33643524062199748, -0.073721398623938034, -0.2279872566817035, -0.36275268723464998, 0.0080061435857343016, 0.055015669139520877, -0.045979444017624931, 0.016020524404919322, -0.026615764229032227, -0.085481422361700518, -0.21524660892556655, 0.11117090475577596, -0.052922562870576603, -0.082718321284194096, -0.059051335245409689, 0.0033748161010595003, 0.077961216002920011, -0.083651807902683339, -0.034009896522151757, 0.078326695786568437, -0.028638919873916313, 0.1135702170012239, -0.084890511923635725, -0.051761886365554316, 0.080060179771159562, 0.08309377983627661, 0.021692289223218492, 0.013988436382340139, -0.26506154467377585, 0.027646185497594681, -0.045477619794010833, 0.067266812102335802, -0.033785583652291937, 0.012141980157758466, -0.0014596856075166226, -0.038251562522586997, 0.097287909302448516, 0.09184438222183898, 0.0041130987716914858, -0.071624631640194239, 0.006041915322206895, 0.072750819619214882, -0.045510211855189039, 0.031518599735885694, -0.18649745338596094, -0.094472141358352302, -0.31825527245576063, -0.062309752527765903, -0.22937156260783509, 0.051961161311492497, -0.0058135606003853237, -0.26889380950314062, -0.11584502912271684, -0.086918403318571591, 0.0083806089441043341, 0.019830916806984736, -0.0097363483333217232, 0.8339674286175196, 0.023451594266145456, 0.060602692933019287, -0.059030441303635224, 0.077880512420737041, -0.10953864116600384, -0.013994693255650999, -0.1130541071663318, 0.059171252725188861, 0.023796800914961586, 0.070027346979787755, -0.20240396990019641, -0.099170598858848463, 0.18506010725412736, -0.059773498318151187, 0.26531394841661865, 0.10329058076077198, -0.014302615864220873, 0.069901316578504721, -1.4833684164852252, 0.058164349691347317, 0.36907974333625854, 0.060222013159748747, 0.10717114675962762, 0.036652257612914685, -0.12606240363779636, 0.049823300865184696, 0.084733935032651891, -0.67878838023551535, -0.02925361073605769, -0.058707808710512011, -0.072018411713585251, -0.055184867220479494, -0.022845474568065238, 0.031472260928683313, 0.038834912591717841, 0.077084722680955731, 0.095217813608241941, -0.17184346985040594, 0.21916372886607716, 0.066480349549172521, 0.16703651924612778, 0.48749667586952655, 0.17714062507569939, -0.075266676835863341, 0.17007591849629927, -0.036113902973666318, 0.032462999168193452, -0.074298666224427518, 0.10013403393800915, 0.026458886288638291, -0.063157758792325755, -0.016805625627244462, -0.10234375939302934, 0.040452410581292994, 0.10211074272222019, 0.082182391007119798, -0.0063240540151286006, -0.025671156227133451, -0.022890891871513538, 0.058167474089762791, 0.070657164829550992, -0.13085703779083563, -0.0033538600323654924, -0.05013815859690398, 0.11824951434509193, 0.092830605753624701, -0.17774734979342072, -0.17366160572091285, 0.12134310594738609, 0.066559515080783782, -0.31178976383132728, -0.012622362096637611, 0.07649044878962942, 0.013041932981282096, 0.11631913352337789, 0.19843812156375967, -0.067379547360033182, -0.027584716017814107, 0.84989193840825883, -0.45681141377934936, -0.03859514242263834, -0.16374261326736012, -0.1858646552502069, -0.15382386420319558, -0.060230109141555424, -0.052138154842256909, 0.046935035270787399, -0.22062704973889169, -0.060467035496578288, -0.10251208090681674, 0.028257652808757767, -0.19103195697999997, 0.013985061513665738, 0.090667083269865723, -0.089257372607028457, 0.044377696314082261, -0.035458961214363705, 0.070655430965815114, 0.11043252599413556, 0.016820101106931579, -0.046610687060883893, 0.085217131016501954, -0.084368450435760745, 0.15360287873221717, -0.095455817504105672, -0.039908289392804455, -0.0030254010541390696, -0.094812741221327337, 0.052388315361200311, 0.020477459807674028, 0.078587192576256959, -0.067876052941455225, -0.034333764233378042, -0.052365915445778732, -0.45032243349762668, -0.041533136960137107, 0.10925379029651075, -5.45076185110032, -0.14324224379681216, 0.090367608555395343, 0.15497772523558817, -0.023210261594625355, -0.0022495294614070082, -0.14591573296514815, 0.055285670850626176, 0.060111260978618429, 0.052983599089348014, -0.035633443633765742, -0.010910631815222366, -0.099681081628201634, -0.014556785226675639, 1.8768976930184313, 0.12920098767533361, 0.1205148191300849, 1.1693056749309443, 0.10063378592797484, -0.048195125314395473, -0.095978611898461449, 0.3074095879096102, 0.027241175250939907, 0.067774615675605859, -0.086688538125140518, -0.20772253552107617, -70.745552261791516, 0.10970738161444687, 0.20591960500600454, -0.063178238042169765, -0.020810185652753478, -0.062225906606209136, -0.095445779573678252, -0.0029930079032020572, 0.068379100436963103, 0.026149833227841708, -0.029162644000716678, 0.12301048569729379, 0.065078185762345905, 0.037815387032473391, 0.087346039906552222, -0.06294946658658053, -0.03336743979758712, -0.076810668452220926, -0.20131831149177876, -0.026546816152563577, -0.050546537604782088, -0.039411888683372372, -0.0481421819054784, 0.068616493935886189, 0.10431098294826587, -0.074969305568635014, -0.77252007934036204, -66.897541368109486, -0.10322067284396598, 0.15927326308387407, -0.045505352847337907, 0.08278368624739664, -0.074924220110349354, 0.040239504364836129, -0.081274697683112476, -0.0081733624243177806, 0.11623888131976373, 0.042060094438852356, -0.032117704970421226, -0.071297902640401492, 0.1393577664203472, 0.028596824917631325, -0.13451726993183299, -0.0036283502327931136, 0.10938654978234411, -0.083371226215251393, -0.00011616452356837115, 0.014669994837852883, 0.014879994773264677, 0.052849227654163444, 0.23401023138557456, 0.025689497742272395, -0.62897903629039742, -2.8740016398575965, 0.055412865270668167, 0.08544297388069981, 0.068150501841517441, 1.0098378510818871, -0.024264421968438119, -0.013188914476307673, -0.044573121461490076, -0.035864828570950441, -0.03857277274927548, -0.028807904747765661, 0.035270645563006527, -0.19530487968118107, -0.13477674741132734, -0.065004015125561157, 0.051570032080171482, 0.0085843161701220916, 0.044914497398974698, -0.20326851024254533, 0.096162935250550613, -0.073190001843026056, -0.068537915403561384, -0.041426111894901592, -0.10528271176296469, 0.12334720297747576, -0.017513289308500976, 0.0038932747886357586, 0.083506546164807335, 0.0023763141911976524, 0.082384402107920821, 0.013207828761542669, 0.01162478733298548, -0.23914290649033146, -0.028220554230871036, -0.020844803506477372, 0.01959064220699392, 0.031027140766223243, -0.044640339803399591, 0.11909127239863608, 0.093378967893745835, -0.0054206171332665826, -0.056725505981456328, -0.24258864708850392, 0.027678855149083262, -0.13298960391129724, -0.07127807431946101, 0.02502836159902759, -0.090725041396767667, -0.014760246966937684, 0.025696514315196227, -0.018315648916264513, 0.039768903067139795, -0.082582866261244545, -0.04000404679805937, 0.13622355799977345, 0.084551258908409282, -0.15143073174276303, 0.065566590834165328, -0.079903752376201481, -0.021352331920453462, 3.3079919246496829, -0.24357481216069093, -1.0911759221544912, -0.47082123978489776, 0.44346202839896498, -0.96697520647817492, 0.81536296782703099, 0.20960540747522663, -1.53823172592452, 0.46054637194279963, 1.5951372363074474, 1.0911858409137849, 1.1411724988847689, 0.22370329572594588, -1.0180490469140639, -0.0067423207519788936, 0.19430596690539978, -0.021832684729788287, -1.005614048962399, -0.67560205760456937, 0.36422743782071049, -0.67300903719265337, -1.9806417492332016, -0.50689636668966065, 0.89035611134905202, -0.53129919053058938, 1.7369738899793075, -0.7893506263675748, -0.69649031823570551, -0.72259619495868421, -0.95521019656173656, 0.62035848421527118, -0.52646590019322148, 0.23593471441879957, -1.4238019069531098, -1.5081621621107089, 0.77119931737336067, -0.93005220048565007, -1.2188989199745892, -0.85129060886029162, -1.3940838002911353, 0.53781950638231224, -1.7450516487616601, 0.87804496628748641, -0.4740738309180868, 1.3105270095148045, -0.85241159725216953, 0.35085152604757158, -0.13042402603051453, 0.26189882652819957, 0.12247407062738172, -1.3552342670804531, 0.43569952487222507, 0.15860342084024837, 2.3505616711780366, 0.64852268277855307, 1.1691088600121256, 1.0823863220620336, 1.0175327732399768, 0.87598745323467908, -1.0441397900592908, -0.60633341226064552, 1.8963579398796364, 2.5103899092748074, 0.17617278149115154, 1.1660466580293363, -0.088781225543056716, -0.76928586398011445, -0.15163948487497106, 0.10750923219168405, -2.3455844155816044, -1.2774771960003788, -0.21739596075974446, -0.7097165575925003, 0.30090601588568061, 0.53654339359274283, -0.50608856585275941, 0.752598917007405, 0.79633197855773286, -0.013566411530026294, -0.64318035002441976, -0.13276829212585287, -0.74090699626497913, 0.7481244558554998, 0.18337954656246033, 2.0082668239855321, 1.3034687905660287, -0.62493929980925478, -1.1710372535007887, -0.77056506757377552, 0.47183177189091052, -0.86421008351851125, 0.025257523390861902, -0.5638632743797658, -0.78106162605124663, 0.57613685489063549, 0.093397712137431713, 0.8642284994827123, -1.2251093431459403, -1.6184057027810879, 0.92958105776353528, 0.52441715625038599, 0.35379100558759091, 0.62022484741711004, -0.54247344757423577, -0.31599447075206644, -1.9820497516378797, 2.0861116916665901, 0.1823152190492339, 1.2428288539963648, 2.6759474768344296, -1.7842534702815265, 0.16378071201073344, -0.19958351612767122, -1.3102946810587146, -0.15263542495424934, -0.85273517478788996, -1.6561534879779378, -2.2496349627960432, -0.86299129642515426, 0.74227206232226528, 0.47552561078581101, -0.69119388342682786, -0.60336764700486523, 1.0425788413855919, -0.73004313940003385, 1.9615983312932583, 1.8235385228193541, 1.2438373222986856, 0.72981381417208024, 0.16389174145185303, -0.71854904811747833, 1.0107434411160856, 0.10341260161909288, 1.3529368629468495, -1.5034687062928844, 0.58648185792240481, 0.84403705093821357, -0.32720846938690329, 1.6812685801376464, -0.057065443591591998, 0.021229891508533057, -0.10827575220513616, -0.38671465421819073, -0.61326674607681886, 0.095423453663014413, 0.21145352082646057, 2.0991506350292153, 0.079923234296766343, -0.26668361280967445, -0.75145154479381204, 0.30125293348314275, -0.35124964132783482, -0.65726301198864823, 1.7139379236919323, -1.5725361251222807, 1.4296812717231653, -0.053339577664614349, -0.92444865785163721, -3.0421734331753965, 0.73009426506315567, 1.0009237448638717, -0.99234151141073013, -0.84020212740865929, -0.39259215726065289, 0.084480534779491981, 0.67784716180644933, 0.81566142390439123, 0.866582252776957, -0.69064891304664411, 0.58448608583456696, -0.14984471217605436, -1.1886799393770386, -0.43980985165778724, -0.45283898325361144, -0.41877292671525584, -0.35982950747940878, -0.38202067558633906, -0.4907799779030419, -0.56693907488806106, 1.7157620288454638, 1.7965778248298125, 1.4642998029295713, 1.0127741693192882, -1.064253193403488, 1.312220965983111, 1.8850310993275687, 0.67887996489432045, -0.2920854288066157, 0.21188465183482777, -0.52143140462809257, -0.88936980763525531, -0.33536858922650659, -0.31330010991043583, -0.36804209440368491, -1.2713033257976405, 1.6063046471422424, -0.30128386670340579, 0.56406068002592602, 0.34084206302709424, 1.0358471538909133, 0.61085960856925658, 0.0091691837715346513, 0.71486999244530181, 0.88262602505630205, -0.39230446443820766, -0.17135816948969684, -0.41029673186052229, 0.6960656430359633, -1.390386766903114, 0.13076697937171411, 1.5554812650668386, -0.16254018522693278, -0.067686222136346216, 1.0031118359056534, -0.34442331393590886, -0.29853819650777275, 1.3474680799224561, -0.30985401447893113, -0.27854059178336127, 0.077001691479314099, -0.84889468240797594, 0.48629902930435887, 0.74202559728399098, 0.55016801731765808, -0.18482021152591513, -0.72141332084372678, -1.7378930221375044, 0.087229613120325442, 0.039178724370125206, -0.63205395109820128, -1.4281720165125622, 0.3303196058200476, 1.5959788204919025, 0.60838135075326427, 0.83185139423681664, -1.1402941121280326, 0.091343328528523587, 1.1990995262534461, 1.2255451814717491, -0.73999617564507258, 0.086569469597657531, 2.2554458158774837, 0.84459683936688734, 1.057567193745395, -0.85180255726451193, -1.8210518460673157, 0.23138249016823526, -0.52657681503473919, 0.61172984824289012, -0.55116198219252799, -0.45693118926270282, -0.45294822208632501, -0.88104346730523941, 0.15973619660376218, 1.0817110052768515, -1.083779087809948, -0.45101891538740019, -0.96882985280586364, 1.1606575448066745, 0.93461190992656484, -0.76250785179308589, 1.0139667279225872, -1.1150674671988561, 0.67439276238963364, -0.96587719110789816, 0.94828057359816764, 1.0263822568422314, -0.53774847708262941, -0.090932334585177382, 1.2026216198083899, -0.70520345823554131, 0.66951116904601204, -0.31690719364691117, 0.27467365268739169, 1.103441938686164, 0.63354694983631965, -1.1436714770380529, 1.603331976980636, 0.57300639520302055, 0.31322444339892969, 0.34417257006847063, 0.17409819923865277, -0.36087206663142396, -0.19947372013359674, 0.20445237469693922, 0.16308336425593203, -1.0830548395702655, -0.253583079637687, -0.093345456704738025, -0.82051027312487002, 0.73302899778741704, 0.97013990113348092, -0.78626138924805511, -0.16219705633993442, -0.032033975731389296, -1.0181355211169167, 0.11802582199614332, 0.9038504088291679, 0.90454044614804696, 0.15833242646127318, 1.2042386181164999, 1.8922980711089434, -0.60884918947510547, 1.1381556271013684, 0.32462319721307314, 1.0173527845433297, 0.90224936357052787, 0.20860440129926072, -0.057099762354682768, 0.22683274870676995, 0.9608335049769432, 1.3555319717631176, 0.15851262531614405, 1.3308618733973447, 2.1979570775199537, -0.82738789851322991, 0.75131404287599202, 1.6335444353850239, 0.27828715803260862, -1.5885648244773691, 0.20422190924443617, 0.53203760111884613, -0.77518819005048922, -0.68986733277292023, -1.5948688898367103, 1.2764761788560994, 1.2585770036670629, -1.5418339809324286, 0.77889280158973173, -0.24835009491235399, -0.51164697047036789, 1.3360192193097777, 0.41415810899504113, 0.90010790862683709, -0.88186124092028451, -1.2130935474876985, 1.1358226811033887, -0.58762967714681524, 0.6569996336166547, -1.1280755485122147, -1.087623393212491, -0.55246643242732985, 1.689163524589433, 0.35972148018399969, 0.89003563007257513, -2.1957890025527709, -0.42850620368422215, 0.81816653980481535, 0.11479721657096184, -0.27531441658038053, 0.81836103283609041, 0.80788567418148316, -1.2799094725495794, -1.3663989596169421, -1.5344968347907266, -0.16309365768289213, -0.15984172250822959, -0.65841217059950286, -0.7607127374388486, -1.6380104171575172, -0.44210659417383497, -1.3699568340953943, -0.79403337879277525, -0.15093034567777464, 1.3435697935078534, -0.49482833602962006, 0.77239948990522445, -0.048981940765090146, -0.54958708947680512, -1.0305126826066127, -0.98495907193329746, 0.735467887933834, 1.2219099551722634, 0.43781616567920711, -1.2013146956090321, -2.0885325912260249, 0.19604597735625776, -0.44596176240476665, -0.66661891629300141, -0.56377072258877681, 0.91736473442119804, 0.57200850985213292, -0.25832230219789565, 0.73343943062107508, -2.0021595017664242, -0.61691716649344486, -1.1161663187602844, -2.6277027768648318, -0.13387463229425456, -0.35691541682029798, -0.27004630103497423, 1.0285046507329743, 0.70651961929960716, 1.3734482972129201, -0.90267019506810664, 0.82898157748214096, 0.54164262265925844, 1.3864888175679866, -0.77859057382880137, -0.73813061792383727, -1.1382227736157458, 1.5635724774035848, -0.54761730052016599, -0.032734902640345072, -1.0568348239650243, -0.29451431117199178, 0.20204818958709678, 0.14378652707811204, 2.2195941524842797, -0.072940525891999605, -2.8797545669307203, 0.65163478052879997, -0.80187979128776854, 0.70177024385287956, 1.4619083343216255, -0.42252788033821503, 1.1801480094378798, -0.31348882667381561, -1.1239783786876365, 1.2157410031540601, 0.69987862950842872, 0.77325248678904712, 0.80533579960656565, 0.56869404994985062, 0.066064996415492322, 0.41387884415169096, 3.11297359307299, 0.52632422862324924, 0.27174087025029542, 0.58867241081659061, -0.6319462208738873, -0.087242953000149406, 0.1175571858573889, -2.3602004081114898, -1.218179538509492, 0.033985385668940486, 0.40181365672571262, 0.25716342345930887, 0.42289971317756542, 0.33911598809732718, 0.60739589491920465, 1.0541226738157379, -1.3054854391660844, -0.47486134731226737, -0.70639816647871823, 0.043859606093520111, -0.12257061578205136, 0.43211397697032133, 0.22799110967739211, 0.88095926432520633, -0.43639223574596891, 2.0077663190596655, -1.3424575377096457, -0.11598339197163911, -0.39693318196856514, -0.50907853764210087, 0.47643459066217786, -0.13911533241573945, -0.70660797582983537, -1.2970119471594304, -1.3887428463733236, 0.039339292805670945, -0.91454511259191829, 0.40393369201460577, -2.0371429104603829, -1.4208543187263869, -0.96540579479903166, 0.16275188124541015, -0.60096504442842702, -1.7717045935422131, -0.90122201161755477, -1.2726748242590242, -0.41888720931836276, 2.440621499535498, 1.8262381780473043, 0.78193096637346959, 1.8503395443083648, -0.1624550577063838, 0.11339018992855934, -0.43931647367707888, -0.17197560052644184, 0.45744746040754908, -0.73954243628217964, 1.6880492034542611, -0.58439909393023504, 1.336091395301926, 0.34260188881805403, 0.83958248946388048, 2.078555274810217, 0.59197334789282952, -3.282756641030574, -1.0407544976181482, -0.63647729377783091, 1.2307168027757933, 1.8172297431816722, 0.36365602466895847, -0.91192965751804844, 0.44478573818680311, -1.1835589466550958, -0.69195359614096419, 1.581179732942761, -0.59448146872153484, -0.16767416234490962, 0.411949847042693, 0.027329485655979011, 1.1063932257068501, 0.85093294277759246, -2.0453037478460856, 0.13045639918936272, 0.080845463152622157, 0.29718701137780817, 2.8268147292228636, -0.26829381777160927, 0.12384939125016063, -0.61434353011874876, 1.4406406839099219, 1.5177653939766738, -0.26223074175392463, -0.044707785844195075, 0.6759586053012232, 1.5724406723511506, -0.25659448681745384, 1.2699962524378496, 2.4478888686604812, -1.6855384739284591, -0.65733569132125225, -1.1748545648894813, 0.87035821214186093, -0.56808015566947245, -0.082969481106476825, -1.3028120159130596, -0.37935835481580771, -1.3005077542912349, -0.80777601126728671, -0.76848941570939011, 0.20839916526622004, -0.9108612711107662, 1.0763137299453294, 0.28499098356029606, -1.5200624881056579, 1.2385389032592908, 0.44470438193129974, 2.0065771281836899, -0.42970877900254456, -1.3200149267910086, 0.097852562445927466, -0.74954137192953718, 0.51304293072743556, 1.3994740315149996, -0.63701626984502635, 0.61245544286595055, 0.50139006420146404, 0.59866469079447393, 0.22545856900197747, -1.4037328357120116, 0.53888513988913223, -0.049328861287780579, 1.2871369000941961, -0.67810548569130635, 1.4136125284199612, -1.5142483547444159, -1.140690515936297, -0.57229140677463308, -0.74175966154072037, 0.16862118430116632, 0.85834964443704209, 0.17907815642020497, -0.67189032001605198, -0.16195594452767398, -0.20058739633691763, -1.3844841915864945, -0.86758424221876895, 0.10569952016076715, -0.2670989957744111, -0.015591546980813546, -0.052456512683675044, 0.9386306732051396, 2.0677582954882303, -0.72669548102786163, -0.46940490935962448, -1.5294262457797756, 1.1631166281295393, 0.34318761383995111, 1.8696124270321548, 0.38581927424325241, -0.021561232690946824, 1.433524101601569, 1.0148092351721243, 0.029631285007859526, 0.47090368266818444, 0.45590736858479219, -0.27590351816273417, -0.87609131447714816, -0.97180614408891208, 0.68841977824916434, 0.63234972493111663, 0.45233780523570188, -0.64664757194569056, -0.19798638706583901, -2.345753220914824, -1.4063189815304817, -1.363648419901395, 2.1260610328171405, -0.0095410521562581917, 0.060748948052817754, 0.42501635428684204, 1.3407521040523613, 0.87781871200559236, 1.4648224206843206, 0.4671102104145109, 0.20824582705730033, -0.47762123538571238, 0.13956304321435989, 0.73660029695843809, -1.0209826060255449, -0.078597945271528982, 0.54734546346344226, 0.48295752854819279, -1.9930565064693295, 0.24520660555043794, -1.2984843816108533, -1.6954245758243438, 0.28199015545122053, -0.69375321748410024, -0.68209931345967745, 0.8149435763754419, 0.64775870003863067, -1.9727010510355603, -0.12777380122413379, 0.19854395024636037, -0.92302481561855343, -1.7452674030238171, 2.4188288656466281, -0.22050225340548341, -0.48060770928737184, -1.6952599118197575, -0.22314278080194147, -0.67844133743573565, 0.24656868273601787, 0.8299819593629949, 1.3072807007113183, -1.1093303228692195, 0.97525306164929693, 0.010883646476904176, 0.75409070438629588, 0.15483818578216871, 0.11736203980183176, -0.98453617610756416, 1.6494262713175349, -1.4108710249704741, 0.40068069786934962, 0.47645298840320416, 1.2294916955157615, 1.1187263130266205, -0.87053849184983112, 0.31884290700318635, 0.065888986423693549, -0.93048858451569205, 0.39353667532028797, -1.1305475897319368, 0.32923541280775881, -0.0075749304037883956, -0.62557924870982395, 0.75297998224241725, 0.63696224045854899, -0.95694399575129485, 1.3993992021196555, -0.16866246170739718, 2.0317859604126562, 0.65849730212229263, 0.18408985901113653, -1.5485032883555903, -2.2363133694619806, -0.039939001361259018, 0.43076343165502173, 1.2040148163309394, -0.16715398075603227, 1.1050796280888153, 1.0615699072772402, 1.1111500488049249, 0.069232614153809796, 0.12550910144508814, 1.8915818139252789, -1.7185944960767809, -0.03611721192562356, 0.16631510988090081, -1.5714599525482276, -0.30816697532269044, -0.7872164216708093, -1.0516869490026568, -0.62758451220386691, 0.042596364101808476, -0.20135742034535559, 0.37729995276067385, 0.86459410217069788, -0.30291151513480075, -1.2366210019375805, -1.3207017531835139, 0.71082506040085547, -0.36418988454159118, 0.055127771239947825, -0.50681824805198727, -2.3893970494634194, -0.32402569176614027, -0.3709274400493543, -0.54126519778199178, -0.56784625284106249, -0.13796745317931261, -0.5716768720087142, -1.9598177606099585, -0.43543568650349185, -1.1698482868632591, -0.24052788935726493, -0.60861197668532774, 1.1685341658555704, 1.4670681762262276, 0.91575466053564614, 0.81884024661612942, 0.33450699675196394, -0.46276146016551689, -1.0259413275609752, -1.3012899267702043, 0.56562768526689289, 0.17311905207686465, 1.9600244388790022, 1.1235004012400709, -1.5861035300802879, -0.63328218635072298, 1.1322882162019288, 0.88553453072006516, -0.88945648368891683, -0.43495450263257807, 0.61768954047050773, 0.63972142596972514, -0.90380370352487782, 0.74362616949302029, -1.7693453722395325, 0.020068435665013529, 0.41538301571750202, 0.68405951530805453, 0.72149844511191774, -0.21371713863150368, 0.26452070824591223, -1.1250843757202211, 0.15710272549061324, 0.83322893368962814, -0.67187494245685797, 1.4861931147774798, 0.8262663036722373, 1.1154347222780738, 0.023214160675782913, 0.04559585830539431, -1.4538885663652641, 1.2276978389463853, 1.110384056357171, 0.012291001512722747, 0.47267689320330342, 2.5682963757074564, 0.19508559270239176, -0.92793476171855593, -1.8837161625714784, -1.4522154628410011, 0.16110509692941549, -1.2449946781984942, -0.99283574594852297, -0.40909452156799209, 1.3096606044530175, -0.019359887576885795, 1.100410427109169, -0.92675089713496361, -0.49638534785156202, -0.70621579592387584, 1.6343055468934446, -1.4941490333417149, -0.85293428117887471, 1.5251227616442309, -0.82427399271621404, -0.62014716108525159, -0.81667991627393133, -1.7618434499674771, -0.13436236765022805, -0.71852619838209397, -0.44810906353041985, -0.77850139672083185, -1.230526288301409, 0.11581727719573973, -0.79659247261801824, 2.0420885116549945, 0.099451851824708337, 0.86382234778569511, 0.4058605563062837, 0.39267280767013846, -0.32318357940355735, -0.28821916961732208, -1.9927745382494271, 2.3557613929983128, 0.83285727265059228, -0.33320058279075454, 0.52540562073318453, 0.32613049104516634, 0.20934767613981345, -0.99808926036799772, -0.39502498386020191, -0.33104235086242972, 0.41705949902444639, 1.400869111377965, 1.3721986988104276, 0.82113649544367928, 0.17427329493689214, 0.86048870901579877, 1.2334249392419161, -0.3509356548503148, 0.57169839737563921, -1.2347548785064923, 0.80109223852201161, -1.5193873908494626, -0.47447872529968255, -0.10589016655241353, -0.53369078911416712, -0.11810466240053973, -1.2742203141963664, 0.78624225067801379, 0.56652567665300779, 1.3058791315036742, 1.0452297130596071, -1.6755168501369946, 0.41367461599619343, -0.74749929611835819, 0.040224943967116102, -0.83423794152506636, -0.48560582213506004, 1.724605357624569, 2.1752165357598323, -2.4097726354048774, -0.83003126668151883, 1.0217130599421123, 0.12213922737082897, 0.46907827241806033, -0.5902862309982585, -0.38196985431693908, -0.32609331068018399, 1.1489689577479578, 0.2693849605909896, -0.6199088173682693, 0.45828383023927127, 1.0214502791640327, -0.18404852688776413, -1.08270929735373, -0.035455456409210245, 0.90705916914585993, -0.43456268254161096, 0.50757489867502914, 0.26894278995662535, -0.96797792637330038, 2.182125922837451, -0.3467150526458182, -1.1196556757012635, -1.6667420067594538, -0.37199073452678139, -2.7525298929781368, 0.99172433006037408, -0.28695136662682247, -1.8425381295136292, 0.040628167310618725, 1.3661859534403544, 1.1706146110070197, 0.93299652200392746, 0.31970867614042842, 0.93924029088780991, 1.0000451269858321, 1.0670688997534561, 0.6522382755123024, -0.54210991461401259, -0.21399612832927223, -0.72206153879892132, -0.96177758132927638, -1.2612755938583069, -0.13258592124685831, 0.97003825332421911, -0.47959018159558375, -0.83676202102994157, 0.42017472742165501, 0.39261800267664182, 0.23019214678761724, -0.11410231613945422, -0.40034665246333279, -0.010386619692857323, 1.1224031926886111, 0.48354916002055925, -0.65788531708246623, -1.9009158576590317, 0.35139645545386688, 0.77287966656236207, -1.048269460054623, 2.0149952117171646, -0.71796033865358533, -0.48341733754812138, 0.69036666625190735, -1.4848301538899698, -2.7932326268141741, -0.018742865587676134, 1.2902286432982721, -0.070108290885841515, -0.70131000395838861, -0.72915304346780463, 1.579266332870791, 0.10144365598882123, 1.2004615036494861, 0.28095440651119113, -1.5607089460771977, -0.50459906005976229, 0.32102009285685734, -0.064014637534852509, 0.51600106912726817, 1.8998217091170773, -0.5017501570255698, -0.96917499423141062, 0.88271908534312171, -2.2610779230094384, 1.124204029717891, 0.13019527376990975, 0.49624660589672565, -0.77741644540080801, 0.62247402383008132, -0.54945580911060765, 0.80687866746088077, 1.0632935578138181, -1.3626935920472574, -0.44178338453060439, 1.4646907646296035, 0.60400448482451752, -1.3805177196967613, 0.28181083296400483, 0.43224135728177909, -0.5501592667222367, -0.091774825069870128, 0.59059507253054533, -0.63548352305169475, -0.54709853796252006, -1.7659248082699355, -0.47769710327244763, 1.3373145081952549, 0.37472015645599371, -0.36552668874250499, -1.482420356971248, -1.6526495155214211, -0.53860000876820491, -1.428089058147288, -0.12371300391388904, -0.26352858892784875, -1.1483709651583978, -0.59665610260537516, -0.22692433860775818, -0.48459102457900888, -0.38417848851695985, 0.4910857326190286, 2.4017331468463166, -0.79934451138749651, -0.71008207261234002, -1.1605175133400725, -0.50262372860213067, 0.82715761729258608, 1.267468935861483, -1.7678514684091435, -2.5109026080819268, -0.47906094358669382, 0.13040902830105214, -0.99652405937924771, -1.0067341110308703, -1.8177072566941912, 1.4013775011742036, 1.2937153954345804, 0.51304802104236147, 2.0574967405123332, 0.71990924214556762, -0.18845318256300245, 1.0611964230295072, 1.5781073180194443, -1.2326866956538323, -0.70939847949749968, 0.15721336300997535, 0.24970856887115012, -1.2510417935826192, 0.63143355872593554, -0.54046727139472117, 0.79695354621314296, 0.49623690709797252, 0.3961661589509583, -1.4953598419054224, -0.049295879758678135, -1.8148997915215335, 1.8391027724779769, 0.5929559312147572, -1.2056395014358552, 0.77443968188350742, 0.17242865906271687, -1.1939860783740464, 0.436439837842728, 0.34415562845617309, -0.40483018331781434, 0.89647128529460363, 0.0095920296108617641, -0.8789986588457771, 0.27001323886642092, -0.73165306988461565, 0.018909530200847971, 0.11173824198103921, -1.5568417743726999, 0.17798833320122145, -0.55445256959996791, -0.55744057310938122, -0.57356629745442356, -0.87152744532634152, -0.37082227630466824, -1.5120093901461173, -0.18400599422281613, 0.89979480386093702, -0.59415765540991117, -0.18508294181031584, -1.5300742623237882, -0.23390634075310981, 0.48542366847442897, -0.15296912878333901, -0.90639369470804665, 0.40542573892133543, -0.48967714830501924, -0.5210448299350996, 0.73644328233039147, -0.18357388175202458, 0.61955702795961221, -0.26777820946980002, -0.11019322223422282, -0.41711357210463773, 0.050351108320212022, -1.0565556835102583, 0.26027680320508967, 0.64056079047598258, -1.3851841391627686, 0.18550716517966764, 1.0284332310002744, 1.0685234428808876, 0.51488652864861362, -0.0072319828798213326, -0.89866183128460375, -0.20482860766816269, -1.0478869537848157, -0.26066735465512803, 0.20724689715979783, -0.15494598795192421, 1.4539382399723653, -1.7936523643983873, 0.7211261261270383, 0.0031658854965858916, 0.45801845013176973, -1.4073076681294132, 0.049010342930722151, -0.99491475678794428, -1.9643661909435073, -1.0945017221064217, 0.99320387534819521, -0.68977342166715438, 0.097051115485167941, -1.4511476347201526, 1.0794019101140087, 0.37258763675711964, -0.045726789008612587, -0.10108257738333062, 0.21632030253307277, 0.65294627844239972, -0.73684367650865723, 1.0525202291333176, -0.52669900229437727, -0.25475008181824299, -1.1050784544416916, 0.43454551302207262, -1.2447652443243546, -0.43559862705751295, 0.71848699683291217, -1.9374051068291485, -3.0050884646198153, 0.41873598571710408, -1.3987737271482001, 0.78814822052872169, -0.40052089371879862, -0.77121587526413338, 1.0861761478374252, 0.70947941683713112, 2.1597089115951689, -0.54107448181490014, -2.2702731186436718, 1.0040155088344065, -0.27922110812501832, -0.0025552555070297552, -0.36555513756567765, -1.3501990395230956, 0.76131333367544773, -1.9702731439335206, -0.092158856084921581, 0.58199612412825252, 1.1612526841650161, -1.2619943367277191, 0.48588839434932324, -1.5137647162678847, -0.05441992584164404, -1.0484495323566576, 0.50909801000354993, 0.31520605661662709, 0.02237496459678864, 1.4850971004485456, 0.78648704441759187, 0.6282001002239932, -0.6820781178718307, -0.076061256853960438, -0.046006365155181098, 0.93123725582409544, -0.16152554608424494, 0.94182973382718482, 0.94630111392587479, 0.25302591472788433, 0.0036492285259844921, -0.58276470462779251, 0.43990771895525088, 0.9686704854940259, -0.58872493553997118, -2.293550642495239, -0.89725703225326769, -0.41076106280442209, 0.6582245000288528, -0.43884041672313073, -0.89544381786665295, -0.11388782810585135, 0.14948209742034443, -0.28049682683215199, 1.1583434517539106, 1.2865385515830183, -0.12532447654434331, -0.76868042228154854, 1.9414327870824999, 0.59458372818462146, 0.30792205673753686, 0.33263735139759504, -1.1582660539359466, -0.47622020714045316, 0.21143779673882279, 0.27600726719153229, 1.0933043246597325, 0.46802551178570934, -0.054763806708648166, -1.5213585684947337, 1.2156718067901697, 0.77639517015233939, -0.28237581403897732, 0.63483990877668628, -0.20178276984663152, -0.24163363225873297, -0.14286117258687256, 1.2094345192797171, -0.28893860682786321, 1.1102220122512998, 1.8939594343123802, 0.81859587592887828, 0.53517003052682766, 1.8688988336525292, 0.89056539487568587, -0.36150730426021421, 0.094673379482255557, 0.47204971077909791, -0.16804428454347167, 1.776327333196531, 0.93400326301234904, 0.039592499426094732, -0.75696371975873411, -1.2651100099035928, 0.79873023694187661, 0.32279242066871661, 0.0010243448146946524, -0.13554161559671996, -1.1627668169283911, 1.0504943437379315, 1.7534402089624928, 0.71327983175034471, 0.4597140326005924, 0.73799280876069384, -0.11039980669803502, 2.0572278793692673, 0.026910658615766588, 1.9022976624234891, 1.2622329763945594, 0.98110088847576493, 0.43130781349620978, 0.21714458648044233, 1.668961239338693, -1.6744319603940869, 0.55285518120857313, 1.7235745805726133, -1.2639243892258949, -0.6631420761192437, -0.25878602595887457, 0.48001502043194261]</Parameters>
			</FullConnection>
			<FullConnection class="pybrain.structure.connections.full.FullConnection" name="FullConnection-7">
				<inmod val="LSTMLayer-12"/>
				<outmod val="LinearLayer-11"/>
				<Parameters>[-0.053872853158697609, 0.056276424131596059, 0.1167107352729353, 0.48198837013745077, 2.029147080329551, -0.92266736472993216, 0.31844038092221894, -7.8494934153197846, 4.7480743372710776, 0.62667085465065497, 2.9345565608304582, 18.409380865403591, 2.4239410299962856, 0.0073583367092311391, -0.088025419712352004, 0.22383374148097346, 0.28085919954518346, -3.0486797861888135, 0.17152883543081643, -5.8989423569714745, 0.48049620707502072, -1.0469280876552247, 0.047301983510031675, -0.57222779510789223, -1.1193118171165679, -0.43750489352788691, 1.9687771925591733, -0.84255440471574161, 0.30017921325926977, 0.66882226433921232, -0.32014757752864398, 0.88621922842577305, 0.44454725606252055, -0.26652635407806713, -0.84976355614199406, 0.12530995441372283, 1.5358988973413261, 4.8740535423147548, -1.0658295335500725, 0.28161406136882761, -0.8581019849627296, -9.1644202380122124, 0.3344498449770299, -2.0474018387475326, -2.0372126865161135, 0.0041827893556175555, -0.11439529348518818, -6.0359552389158466, -4.0216864490649868, 0.32059130736809749, -0.11891649159385054, 0.0525472197228396, -0.29088203761696718, -3.6963605572246934, -0.5442596126639998, -0.70453374506746513, 0.79091798122499846, 2.5681368912514699, 0.060921575026377184, 1.0651197437659334, -0.29331304338677455, -2.2796262462719596, -0.95953190391810494, -0.60613582491032503, 1.9464592756449974, -0.038206783178988957, -0.35918106275730111, -3.7140065633510631, -0.2943445943298002, 2.3125032343890553, -0.36859364220767787, 0.00016182540063054696, -4.1822616003630628, -0.62305587936799611, -2.4046107999531614, 0.10938643004271853, -1.3432766709289297, 4.1954524562664801, -50.730033089235803, 2.4560953344188192, 1.8093702875403892, 0.19583503797743163, -1.6080164508204007, 0.13888404356306872, -0.24727270348540742, 5.2288031514051454, -0.55742175078466971, -4.0423512198570393, 0.019569591187007518, 3.0986615573151539, -3.0865925620674943, 0.14743867746202, -1.3710672026174962, 0.81506895818753833, -4.2052622259976715, -1.9414457370314722, 0.39018358053554891, 1.4974387450707241, 0.040599191739969065, -0.80600838747217551, 0.001804492627710097, 0.025086706045669871, -0.0019591363464463996, 0.0080463601654727768, -0.026693568778227927, 0.063095923637433771, -0.0031762993422859154, 0.35428101247907762, 0.034237807466809045, 0.034829954548939668, 0.045268091036888336, 0.49208223735490719, -0.19002997530310495, -0.0007982261546430891, 0.015370920740792826, 0.015332138435439902, -0.001100966619461019, -0.091592315894331477, -0.0059606861590744131, -0.032330823569736822, -0.47804714173116736, -0.017284544960759263, -0.00081146775704610263, 0.0065204229763367039, 0.054855845010820303, 0.0092526936058447973, -0.21684007855355958, -0.0060013836096572959, 0.0039971056127399152, 0.0040741724471899943, 0.013350568159069098, 0.030305318499870282, -0.011769044044612542, 0.011481256340729828, 0.00031027907041902836, -0.0048348993787832306, -0.0039592378847146392, 0.028912680317034756, 0.0096289506701623395, -0.001314869746408931, -0.0032524320055244971, -0.19041587634075086, 0.016943737128372049, 0.15090952761545395, 0.029275904456881108, 0.0012351534639604145, 0.0072381513104708972, -0.12168212806810175, -0.2703702801190957, 0.018230018246551793, -0.008039614417931773, -0.0035595648064941088, -0.025466541460303915, 0.0089173424788100419, 0.025892943700220883, -0.034016233082979852, -0.0013928212186753441, -0.052009749039143571, -0.0012100977809765823, 0.05976705786565617, -0.096520275141642742, -0.024356329207762428, 0.02520723404711589, -0.19596003872482015, 0.32551708130196744, -0.001367312117327657, 0.00019014680302120723, 0.0834429105370873, -0.0069641328867433572, 0.02500974647023213, 0.0050399903988704864, 1.0200504107320263e-05, -0.01785941752814324, 0.0076971058139179149, -0.021500168187614577, 0.002621135794427687, -0.0037121305727794152, -0.19622880991744296, 2.0436302115522267, 0.088333482572693356, -0.054846531660189157, -0.006487981395984832, -0.013646610026981421, -0.0012589864605061507, 0.022773530144718279, 0.020982388944389641, 0.00069565692774631316, -0.19472865538733686, -0.0027866550578501403, -0.63193971586861153, -0.018425705407167925, -0.0038871269674984887, -0.0050420533706301285, 0.074225460357411066, -0.087209515290339823, -0.080768950472190681, -0.026017078348658629, 0.00084686907996456284, 0.002114175962178777, -0.076873083307091861, 0.0078755573379969412, 2.4075738674478728, -0.089743008117347145, -1.4437757619870371, 0.037136463035693623, -2.6798909981949635, 0.10081642776656174, -3.1267473862923225, -2.7786413779506347, 0.46435319128509001, -1.7627463890467823, 2.6378601344353001, -13.499923606770324, 0.1809189620845526, -1.2909909332180831, 2.0504065108632972, -0.15324892841183591, -0.48301350189092318, -1.0223368104542216, -0.32985720433673293, -0.66213292381161182, -1.6230111413668027, -0.36225311290292961, 2.5506921530446931, 3.125148541530848, 0.83777569614221647, 3.3914692821830386, -0.36087477786657374, 0.18595612996668009, -0.40724621776558934, -0.28898369360186038, -0.49528643681369999, -1.1697947832871876, -0.55887804673239216, -0.51661428090897132, -0.62044377691974217, -1.2333984271560325, 0.48867606426620114, 3.5185790240421966, 0.10267949937149723, -0.094671767323156075, -0.51664372133715375, -1.52070164766684, -0.11051122882076925, 0.35930287742277756, 0.054972974397800994, 1.3715049734773626, -4.4850018398068698, -4.5304996573365202, 0.38188221819039359, -0.39715053636269015, 1.016407389832068, 1.5077142309394027, -2.3513393384052677, -0.3726053670032714, -2.6977132200681808, -2.4847873937100111, -5.319991063092516, 0.14768006168436543, -3.8861759023710647, 0.089651804520343603, 1.4668118901200842, 0.36865767698581919, -6.7329904177172466, 0.27235942048488937, 0.011734395600807801, 0.83735698268226244, 0.72354991716578354, 0.2030282553574807, 3.1647263894186892, -3.2120839589115739, -0.00048687799922231267, 0.35809425845610576, -2.04131020461449, -1.8414350568328786, -0.40314494542677082, 2.8612897059582671, 4.0233264498917549, -119.67143103359922, 2.780631459512577, -5.4504573037165613, -0.027442635809812543, 1.3063825658174082, -0.035900463619209511, 1.1544453329702478, -2.5187762384396706, -1.0871187233214528, 0.94118449291521955, 0.16069930551258071, 0.65475295618804807, 2.3301229452047365, -1.1378723457951452, 0.95657949752856553, 1.8318924658134428, 0.75398675392841596, 7.8032632877766517, 0.8897429214654089, 4.5431980579633091, -0.065440365580244908, -0.015903557189318462]</Parameters>
			</FullConnection>
		</Connections>
	</Network>
</PyBrain>
